[2026-02-01T18:05:52.117Z] {"timestamp":1769969151349,"kind":"click","url":"http://localhost:3000/","viewport":{"width":1366,"height":635},"payload":{"target":{"tag":"div","id":null,"name":null,"type":null,"role":null,"ariaLabel":null,"testId":null,"dataLoc":"client\\src\\components\\Hero.tsx:24","href":null,"text":"","selectorHint":"[data-loc=\"client\\src\\components\\Hero.tsx:24\"]"},"x":770,"y":140}}
[2026-02-01T18:05:52.117Z] {"timestamp":1769969151823,"kind":"scroll","url":"http://localhost:3000/","viewport":{"width":1366,"height":635},"payload":{"scrollX":0,"scrollY":1,"documentHeight":5405,"viewportHeight":635}}
[2026-02-01T18:05:54.133Z] {"timestamp":1769969152373,"kind":"scroll","url":"http://localhost:3000/","viewport":{"width":1366,"height":635},"payload":{"scrollX":0,"scrollY":53,"documentHeight":5405,"viewportHeight":635}}
[2026-02-01T18:05:54.133Z] {"timestamp":1769969152922,"kind":"scroll","url":"http://localhost:3000/","viewport":{"width":1366,"height":635},"payload":{"scrollX":0,"scrollY":107,"documentHeight":5405,"viewportHeight":635}}
[2026-02-01T18:05:54.133Z] {"timestamp":1769969153922,"kind":"scroll","url":"http://localhost:3000/","viewport":{"width":1366,"height":635},"payload":{"scrollX":0,"scrollY":208,"documentHeight":5405,"viewportHeight":635}}
[2026-02-01T18:05:56.152Z] {"timestamp":1769969154429,"kind":"scroll","url":"http://localhost:3000/","viewport":{"width":1366,"height":635},"payload":{"scrollX":0,"scrollY":275,"documentHeight":5405,"viewportHeight":635}}
[2026-02-01T18:05:56.152Z] {"timestamp":1769969154936,"kind":"scroll","url":"http://localhost:3000/","viewport":{"width":1366,"height":635},"payload":{"scrollX":0,"scrollY":419,"documentHeight":5405,"viewportHeight":635}}
[2026-02-01T18:05:58.180Z] {"timestamp":1769969157032,"kind":"focusin","url":"http://localhost:3000/","viewport":{"width":1366,"height":635},"payload":{"target":{"tag":"button","id":null,"name":null,"type":null,"role":null,"ariaLabel":null,"testId":null,"dataLoc":"client\\src\\components\\Hero.tsx:51","href":null,"text":"Ver Projetos","selectorHint":"[data-loc=\"client\\src\\components\\Hero.tsx:51\"]"}}}
[2026-02-01T18:05:58.180Z] {"timestamp":1769969157138,"kind":"click","url":"http://localhost:3000/","viewport":{"width":1366,"height":635},"payload":{"target":{"tag":"button","id":null,"name":null,"type":null,"role":null,"ariaLabel":null,"testId":null,"dataLoc":"client\\src\\components\\Hero.tsx:51","href":null,"text":"Ver Projetos","selectorHint":"[data-loc=\"client\\src\\components\\Hero.tsx:51\"]"},"x":363,"y":137}}
[2026-02-01T18:05:58.180Z] {"timestamp":1769969157168,"kind":"scroll","url":"http://localhost:3000/","viewport":{"width":1366,"height":635},"payload":{"scrollX":0,"scrollY":462,"documentHeight":5405,"viewportHeight":635}}
[2026-02-01T18:05:58.180Z] {"timestamp":1769969157685,"kind":"scroll","url":"http://localhost:3000/","viewport":{"width":1366,"height":635},"payload":{"scrollX":0,"scrollY":877,"documentHeight":5405,"viewportHeight":635}}
[2026-02-01T18:06:00.190Z] {"timestamp":1769969158401,"kind":"scroll","url":"http://localhost:3000/","viewport":{"width":1366,"height":635},"payload":{"scrollX":0,"scrollY":877,"documentHeight":5405,"viewportHeight":635}}
[2026-02-01T18:06:00.190Z] {"timestamp":1769969158901,"kind":"scroll","url":"http://localhost:3000/","viewport":{"width":1366,"height":635},"payload":{"scrollX":0,"scrollY":928,"documentHeight":5405,"viewportHeight":635}}
[2026-02-01T18:06:00.190Z] {"timestamp":1769969159416,"kind":"scroll","url":"http://localhost:3000/","viewport":{"width":1366,"height":635},"payload":{"scrollX":0,"scrollY":1405,"documentHeight":5405,"viewportHeight":635}}
[2026-02-01T18:06:00.190Z] {"timestamp":1769969159916,"kind":"scroll","url":"http://localhost:3000/","viewport":{"width":1366,"height":635},"payload":{"scrollX":0,"scrollY":1453,"documentHeight":5405,"viewportHeight":635}}
[2026-02-01T18:06:02.215Z] {"timestamp":1769969160449,"kind":"scroll","url":"http://localhost:3000/","viewport":{"width":1366,"height":635},"payload":{"scrollX":0,"scrollY":1586,"documentHeight":5405,"viewportHeight":635}}
[2026-02-01T18:06:02.215Z] {"timestamp":1769969161015,"kind":"scroll","url":"http://localhost:3000/","viewport":{"width":1366,"height":635},"payload":{"scrollX":0,"scrollY":2208,"documentHeight":5405,"viewportHeight":635}}
[2026-02-01T18:06:02.215Z] {"timestamp":1769969161531,"kind":"scroll","url":"http://localhost:3000/","viewport":{"width":1366,"height":635},"payload":{"scrollX":0,"scrollY":2256,"documentHeight":5405,"viewportHeight":635}}
[2026-02-01T18:06:02.215Z] {"timestamp":1769969162047,"kind":"scroll","url":"http://localhost:3000/","viewport":{"width":1366,"height":635},"payload":{"scrollX":0,"scrollY":2348,"documentHeight":5405,"viewportHeight":635}}
[2026-02-01T18:06:04.254Z] {"timestamp":1769969162779,"kind":"scroll","url":"http://localhost:3000/","viewport":{"width":1366,"height":635},"payload":{"scrollX":0,"scrollY":2407,"documentHeight":5405,"viewportHeight":635}}
[2026-02-01T18:06:04.254Z] {"timestamp":1769969163545,"kind":"scroll","url":"http://localhost:3000/","viewport":{"width":1366,"height":635},"payload":{"scrollX":0,"scrollY":2511,"documentHeight":5405,"viewportHeight":635}}
[2026-02-01T18:06:06.253Z] {"timestamp":1769969164361,"kind":"scroll","url":"http://localhost:3000/","viewport":{"width":1366,"height":635},"payload":{"scrollX":0,"scrollY":2617,"documentHeight":5405,"viewportHeight":635}}
[2026-02-01T18:06:06.253Z] {"timestamp":1769969164877,"kind":"scroll","url":"http://localhost:3000/","viewport":{"width":1366,"height":635},"payload":{"scrollX":0,"scrollY":2713,"documentHeight":5405,"viewportHeight":635}}
[2026-02-01T18:06:06.253Z] {"timestamp":1769969165498,"kind":"scroll","url":"http://localhost:3000/","viewport":{"width":1366,"height":635},"payload":{"scrollX":0,"scrollY":2769,"documentHeight":5405,"viewportHeight":635}}
[2026-02-01T18:06:06.253Z] {"timestamp":1769969166193,"kind":"scroll","url":"http://localhost:3000/","viewport":{"width":1366,"height":635},"payload":{"scrollX":0,"scrollY":2872,"documentHeight":5405,"viewportHeight":635}}
[2026-02-01T18:06:08.265Z] {"timestamp":1769969166809,"kind":"scroll","url":"http://localhost:3000/","viewport":{"width":1366,"height":635},"payload":{"scrollX":0,"scrollY":2917,"documentHeight":5405,"viewportHeight":635}}
[2026-02-01T18:06:08.265Z] {"timestamp":1769969168191,"kind":"scroll","url":"http://localhost:3000/","viewport":{"width":1366,"height":635},"payload":{"scrollX":0,"scrollY":2968,"documentHeight":5405,"viewportHeight":635}}
[2026-02-01T18:06:10.271Z] {"timestamp":1769969168701,"kind":"scroll","url":"http://localhost:3000/","viewport":{"width":1366,"height":635},"payload":{"scrollX":0,"scrollY":3023,"documentHeight":5405,"viewportHeight":635}}
[2026-02-01T18:06:10.271Z] {"timestamp":1769969169207,"kind":"scroll","url":"http://localhost:3000/","viewport":{"width":1366,"height":635},"payload":{"scrollX":0,"scrollY":3394,"documentHeight":5405,"viewportHeight":635}}
[2026-02-01T18:06:10.271Z] {"timestamp":1769969169716,"kind":"scroll","url":"http://localhost:3000/","viewport":{"width":1366,"height":635},"payload":{"scrollX":0,"scrollY":3489,"documentHeight":5405,"viewportHeight":635}}
[2026-02-01T18:06:10.271Z] {"timestamp":1769969170223,"kind":"scroll","url":"http://localhost:3000/","viewport":{"width":1366,"height":635},"payload":{"scrollX":0,"scrollY":4244,"documentHeight":5405,"viewportHeight":635}}
[2026-02-01T18:06:12.284Z] {"timestamp":1769969170722,"kind":"scroll","url":"http://localhost:3000/","viewport":{"width":1366,"height":635},"payload":{"scrollX":0,"scrollY":4577,"documentHeight":5405,"viewportHeight":635}}
[2026-02-01T18:06:12.284Z] {"timestamp":1769969171471,"kind":"scroll","url":"http://localhost:3000/","viewport":{"width":1366,"height":635},"payload":{"scrollX":0,"scrollY":4548,"documentHeight":5405,"viewportHeight":635}}
[2026-02-01T18:06:14.286Z] {"timestamp":1769969172637,"kind":"scroll","url":"http://localhost:3000/","viewport":{"width":1366,"height":635},"payload":{"scrollX":0,"scrollY":4193,"documentHeight":5405,"viewportHeight":635}}
[2026-02-01T18:06:16.294Z] {"timestamp":1769969174601,"kind":"scroll","url":"http://localhost:3000/","viewport":{"width":1366,"height":635},"payload":{"scrollX":0,"scrollY":4243,"documentHeight":5405,"viewportHeight":635}}
[2026-02-01T18:06:16.294Z] {"timestamp":1769969175300,"kind":"scroll","url":"http://localhost:3000/","viewport":{"width":1366,"height":635},"payload":{"scrollX":0,"scrollY":4294,"documentHeight":5405,"viewportHeight":635}}
[2026-02-01T18:06:16.294Z] {"timestamp":1769969175816,"kind":"scroll","url":"http://localhost:3000/","viewport":{"width":1366,"height":635},"payload":{"scrollX":0,"scrollY":4350,"documentHeight":5405,"viewportHeight":635}}
[2026-02-01T18:06:18.292Z] {"timestamp":1769969176816,"kind":"scroll","url":"http://localhost:3000/","viewport":{"width":1366,"height":635},"payload":{"scrollX":0,"scrollY":4447,"documentHeight":5405,"viewportHeight":635}}
[2026-02-01T18:06:18.292Z] {"timestamp":1769969177327,"kind":"scroll","url":"http://localhost:3000/","viewport":{"width":1366,"height":635},"payload":{"scrollX":0,"scrollY":4503,"documentHeight":5405,"viewportHeight":635}}
[2026-02-01T18:06:18.292Z] {"timestamp":1769969177998,"kind":"scroll","url":"http://localhost:3000/","viewport":{"width":1366,"height":635},"payload":{"scrollX":0,"scrollY":4651,"documentHeight":5405,"viewportHeight":635}}
[2026-02-01T18:06:20.305Z] {"timestamp":1769969178782,"kind":"scroll","url":"http://localhost:3000/","viewport":{"width":1366,"height":635},"payload":{"scrollX":0,"scrollY":4601,"documentHeight":5405,"viewportHeight":635}}
[2026-02-01T18:06:20.305Z] {"timestamp":1769969179430,"kind":"scroll","url":"http://localhost:3000/","viewport":{"width":1366,"height":635},"payload":{"scrollX":0,"scrollY":4550,"documentHeight":5405,"viewportHeight":635}}
[2026-02-01T18:06:20.305Z] {"timestamp":1769969179940,"kind":"scroll","url":"http://localhost:3000/","viewport":{"width":1366,"height":635},"payload":{"scrollX":0,"scrollY":4604,"documentHeight":5405,"viewportHeight":635}}
[2026-02-01T18:06:22.364Z] {"timestamp":1769969180729,"kind":"scroll","url":"http://localhost:3000/","viewport":{"width":1366,"height":635},"payload":{"scrollX":0,"scrollY":4768,"documentHeight":5405,"viewportHeight":635}}
[2026-02-01T18:06:22.364Z] {"timestamp":1769969181238,"kind":"scroll","url":"http://localhost:3000/","viewport":{"width":1366,"height":635},"payload":{"scrollX":0,"scrollY":4702,"documentHeight":5405,"viewportHeight":635}}
[2026-02-01T18:06:22.364Z] {"timestamp":1769969181744,"kind":"scroll","url":"http://localhost:3000/","viewport":{"width":1366,"height":635},"payload":{"scrollX":0,"scrollY":3948,"documentHeight":5405,"viewportHeight":635}}
[2026-02-01T18:06:22.364Z] {"timestamp":1769969182244,"kind":"scroll","url":"http://localhost:3000/","viewport":{"width":1366,"height":635},"payload":{"scrollX":0,"scrollY":3104,"documentHeight":5405,"viewportHeight":635}}
[2026-02-01T18:06:24.388Z] {"timestamp":1769969182744,"kind":"scroll","url":"http://localhost:3000/","viewport":{"width":1366,"height":635},"payload":{"scrollX":0,"scrollY":2341,"documentHeight":5405,"viewportHeight":635}}
[2026-02-01T18:06:24.388Z] {"timestamp":1769969183252,"kind":"scroll","url":"http://localhost:3000/","viewport":{"width":1366,"height":635},"payload":{"scrollX":0,"scrollY":1539,"documentHeight":5405,"viewportHeight":635}}
[2026-02-01T18:06:24.388Z] {"timestamp":1769969183752,"kind":"scroll","url":"http://localhost:3000/","viewport":{"width":1366,"height":635},"payload":{"scrollX":0,"scrollY":718,"documentHeight":5405,"viewportHeight":635}}
[2026-02-01T18:06:24.388Z] {"timestamp":1769969184258,"kind":"scroll","url":"http://localhost:3000/","viewport":{"width":1366,"height":635},"payload":{"scrollX":0,"scrollY":1,"documentHeight":5405,"viewportHeight":635}}
[2026-02-01T18:06:30.495Z] {"timestamp":1769969189121,"kind":"scroll","url":"http://localhost:3000/","viewport":{"width":1366,"height":635},"payload":{"scrollX":0,"scrollY":1,"documentHeight":5405,"viewportHeight":635}}
[2026-02-01T18:06:30.495Z] {"timestamp":1769969189637,"kind":"scroll","url":"http://localhost:3000/","viewport":{"width":1366,"height":635},"payload":{"scrollX":0,"scrollY":63,"documentHeight":5405,"viewportHeight":635}}
[2026-02-01T18:06:30.495Z] {"timestamp":1769969190254,"kind":"scroll","url":"http://localhost:3000/","viewport":{"width":1366,"height":635},"payload":{"scrollX":0,"scrollY":361,"documentHeight":5405,"viewportHeight":635}}
[2026-02-01T18:06:32.507Z] {"timestamp":1769969190769,"kind":"scroll","url":"http://localhost:3000/","viewport":{"width":1366,"height":635},"payload":{"scrollX":0,"scrollY":497,"documentHeight":5405,"viewportHeight":635}}
[2026-02-01T18:06:32.507Z] {"timestamp":1769969191284,"kind":"scroll","url":"http://localhost:3000/","viewport":{"width":1366,"height":635},"payload":{"scrollX":0,"scrollY":526,"documentHeight":5405,"viewportHeight":635}}
[2026-02-01T18:06:32.507Z] {"timestamp":1769969191785,"kind":"scroll","url":"http://localhost:3000/","viewport":{"width":1366,"height":635},"payload":{"scrollX":0,"scrollY":635,"documentHeight":5405,"viewportHeight":635}}
[2026-02-01T18:06:32.507Z] {"timestamp":1769969192302,"kind":"scroll","url":"http://localhost:3000/","viewport":{"width":1366,"height":635},"payload":{"scrollX":0,"scrollY":767,"documentHeight":5405,"viewportHeight":635}}
[2026-02-01T18:06:34.515Z] {"timestamp":1769969192801,"kind":"scroll","url":"http://localhost:3000/","viewport":{"width":1366,"height":635},"payload":{"scrollX":0,"scrollY":918,"documentHeight":5405,"viewportHeight":635}}
[2026-02-01T18:06:34.515Z] {"timestamp":1769969193316,"kind":"scroll","url":"http://localhost:3000/","viewport":{"width":1366,"height":635},"payload":{"scrollX":0,"scrollY":970,"documentHeight":5405,"viewportHeight":635}}
[2026-02-01T18:06:34.515Z] {"timestamp":1769969193898,"kind":"scroll","url":"http://localhost:3000/","viewport":{"width":1366,"height":635},"payload":{"scrollX":0,"scrollY":1073,"documentHeight":5405,"viewportHeight":635}}
[2026-02-01T18:06:42.600Z] {"timestamp":1769969201008,"kind":"scroll","url":"http://localhost:3000/","viewport":{"width":1366,"height":635},"payload":{"scrollX":0,"scrollY":1127,"documentHeight":5405,"viewportHeight":635}}
[2026-02-01T18:06:44.676Z] {"timestamp":1769969203473,"kind":"scroll","url":"http://localhost:3000/","viewport":{"width":1366,"height":635},"payload":{"scrollX":0,"scrollY":1171,"documentHeight":5405,"viewportHeight":635}}
[2026-02-01T18:06:46.681Z] {"timestamp":1769969206320,"kind":"scroll","url":"http://localhost:3000/","viewport":{"width":1366,"height":635},"payload":{"scrollX":0,"scrollY":1073,"documentHeight":5405,"viewportHeight":635}}
[2026-02-01T18:06:48.735Z] {"timestamp":1769969207054,"kind":"scroll","url":"http://localhost:3000/","viewport":{"width":1366,"height":635},"payload":{"scrollX":0,"scrollY":1168,"documentHeight":5405,"viewportHeight":635}}
[2026-02-01T18:06:48.735Z] {"timestamp":1769969207569,"kind":"scroll","url":"http://localhost:3000/","viewport":{"width":1366,"height":635},"payload":{"scrollX":0,"scrollY":1090,"documentHeight":5405,"viewportHeight":635}}
[2026-02-01T18:06:48.735Z] {"timestamp":1769969208085,"kind":"scroll","url":"http://localhost:3000/","viewport":{"width":1366,"height":635},"payload":{"scrollX":0,"scrollY":525,"documentHeight":5405,"viewportHeight":635}}
[2026-02-01T18:06:48.735Z] {"timestamp":1769969208585,"kind":"scroll","url":"http://localhost:3000/","viewport":{"width":1366,"height":635},"payload":{"scrollX":0,"scrollY":480,"documentHeight":5405,"viewportHeight":635}}
[2026-02-01T18:06:50.739Z] {"timestamp":1769969209085,"kind":"scroll","url":"http://localhost:3000/","viewport":{"width":1366,"height":635},"payload":{"scrollX":0,"scrollY":357,"documentHeight":5405,"viewportHeight":635}}
[2026-02-01T18:06:55.505Z] {"timestamp":1769969214135,"kind":"focusout","url":"http://localhost:3000/","viewport":{"width":1366,"height":635},"payload":{"target":{"tag":"button","id":null,"name":null,"type":null,"role":null,"ariaLabel":null,"testId":null,"dataLoc":"client\\src\\components\\Hero.tsx:51","href":null,"text":"Ver Projetos","selectorHint":"[data-loc=\"client\\src\\components\\Hero.tsx:51\"]"},"value":null}}
[2026-02-01T18:07:03.500Z] {"timestamp":1769969221567,"kind":"focusin","url":"http://localhost:3000/","viewport":{"width":1366,"height":635},"payload":{"target":{"tag":"button","id":null,"name":null,"type":null,"role":null,"ariaLabel":null,"testId":null,"dataLoc":"client\\src\\components\\Hero.tsx:51","href":null,"text":"Ver Projetos","selectorHint":"[data-loc=\"client\\src\\components\\Hero.tsx:51\"]"}}}
[2026-02-01T18:07:05.517Z] {"timestamp":1769969224169,"kind":"scroll","url":"http://localhost:3000/","viewport":{"width":1366,"height":635},"payload":{"scrollX":0,"scrollY":260,"documentHeight":5405,"viewportHeight":635}}
[2026-02-01T18:07:05.517Z] {"timestamp":1769969224686,"kind":"scroll","url":"http://localhost:3000/","viewport":{"width":1366,"height":635},"payload":{"scrollX":0,"scrollY":342,"documentHeight":5405,"viewportHeight":635}}
[2026-02-01T18:07:07.521Z] {"timestamp":1769969225909,"kind":"focusout","url":"http://localhost:3000/","viewport":{"width":1366,"height":635},"payload":{"target":{"tag":"button","id":null,"name":null,"type":null,"role":null,"ariaLabel":null,"testId":null,"dataLoc":"client\\src\\components\\Hero.tsx:51","href":null,"text":"Ver Projetos","selectorHint":"[data-loc=\"client\\src\\components\\Hero.tsx:51\"]"},"value":null}}
[2026-02-01T18:07:07.521Z] {"timestamp":1769969226144,"kind":"click","url":"http://localhost:3000/","viewport":{"width":1366,"height":635},"payload":{"target":{"tag":"div","id":null,"name":null,"type":null,"role":null,"ariaLabel":null,"testId":null,"dataLoc":"client\\src\\components\\Hero.tsx:28","href":null,"text":"Especialista em Automação Transforme Processos em Automações Inteligentes Desenv…","selectorHint":"[data-loc=\"client\\src\\components\\Hero.tsx:28\"]"},"x":651,"y":187}}
[2026-02-01T18:08:15.009Z] {"timestamp":1769969293654,"kind":"click","url":"http://localhost:3000/","viewport":{"width":1366,"height":635},"payload":{"target":{"tag":"div","id":null,"name":null,"type":null,"role":null,"ariaLabel":null,"testId":null,"dataLoc":"client\\src\\components\\Hero.tsx:68","href":null,"text":"3+ Projetos 50+ Horas Economizadas 100% Automação","selectorHint":"[data-loc=\"client\\src\\components\\Hero.tsx:68\"]"},"x":656,"y":299}}
[2026-02-01T18:08:15.009Z] {"timestamp":1769969294987,"kind":"focusin","url":"http://localhost:3000/","viewport":{"width":1366,"height":635},"payload":{"target":{"tag":"button","id":null,"name":null,"type":null,"role":null,"ariaLabel":null,"testId":null,"dataLoc":"client\\src\\components\\Hero.tsx:51","href":null,"text":"Ver Projetos","selectorHint":"[data-loc=\"client\\src\\components\\Hero.tsx:51\"]"}}}
[2026-02-01T18:08:17.026Z] {"timestamp":1769969295053,"kind":"click","url":"http://localhost:3000/","viewport":{"width":1366,"height":635},"payload":{"target":{"tag":"button","id":null,"name":null,"type":null,"role":null,"ariaLabel":null,"testId":null,"dataLoc":"client\\src\\components\\Hero.tsx:51","href":null,"text":"Ver Projetos","selectorHint":"[data-loc=\"client\\src\\components\\Hero.tsx:51\"]"},"x":364,"y":246}}
[2026-02-01T18:08:17.026Z] {"timestamp":1769969295083,"kind":"scroll","url":"http://localhost:3000/","viewport":{"width":1366,"height":635},"payload":{"scrollX":0,"scrollY":361,"documentHeight":5405,"viewportHeight":635}}
[2026-02-01T18:08:17.026Z] {"timestamp":1769969295619,"kind":"scroll","url":"http://localhost:3000/","viewport":{"width":1366,"height":635},"payload":{"scrollX":0,"scrollY":877,"documentHeight":5405,"viewportHeight":635}}
[2026-02-01T18:08:19.067Z] {"timestamp":1769969297556,"kind":"focusout","url":"http://localhost:3000/","viewport":{"width":1366,"height":635},"payload":{"target":{"tag":"button","id":null,"name":null,"type":null,"role":null,"ariaLabel":null,"testId":null,"dataLoc":"client\\src\\components\\Hero.tsx:51","href":null,"text":"Ver Projetos","selectorHint":"[data-loc=\"client\\src\\components\\Hero.tsx:51\"]"},"value":null}}
[2026-02-01T18:08:19.068Z] {"timestamp":1769969297665,"kind":"click","url":"http://localhost:3000/","viewport":{"width":1366,"height":635},"payload":{"target":{"tag":"div","id":null,"name":null,"type":null,"role":null,"ariaLabel":null,"testId":null,"dataLoc":"client\\src\\components\\Projects.tsx:54","href":null,"text":"Projetos em Destaque Conheça as automações que desenvolvi para empresas, com foc…","selectorHint":"[data-loc=\"client\\src\\components\\Projects.tsx:54\"]"},"x":987,"y":244}}
[2026-02-01T18:08:19.068Z] {"timestamp":1769969298046,"kind":"scroll","url":"http://localhost:3000/","viewport":{"width":1366,"height":635},"payload":{"scrollX":0,"scrollY":877,"documentHeight":5405,"viewportHeight":635}}
[2026-02-01T18:08:19.068Z] {"timestamp":1769969298558,"kind":"scroll","url":"http://localhost:3000/","viewport":{"width":1366,"height":635},"payload":{"scrollX":0,"scrollY":930,"documentHeight":5405,"viewportHeight":635}}
[2026-02-01T18:08:19.068Z] {"timestamp":1769969299062,"kind":"scroll","url":"http://localhost:3000/","viewport":{"width":1366,"height":635},"payload":{"scrollX":0,"scrollY":1450,"documentHeight":5405,"viewportHeight":635}}
[2026-02-01T18:08:21.087Z] {"timestamp":1769969299580,"kind":"scroll","url":"http://localhost:3000/","viewport":{"width":1366,"height":635},"payload":{"scrollX":0,"scrollY":1532,"documentHeight":5405,"viewportHeight":635}}
