[2026-03-05T00:53:56.941Z] {"timestamp":1772672035702,"kind":"click","url":"http://localhost:3000/","viewport":{"width":1242,"height":545},"payload":{"target":{"tag":"div","id":null,"name":null,"type":null,"role":null,"ariaLabel":null,"testId":null,"dataLoc":"client\\src\\components\\Hero.tsx:24","href":null,"text":"","selectorHint":"[data-loc=\"client\\src\\components\\Hero.tsx:24\"]"},"x":1138,"y":145}}
[2026-03-05T00:53:58.933Z] {"timestamp":1772672038739,"kind":"scroll","url":"http://localhost:3000/","viewport":{"width":1242,"height":545},"payload":{"scrollX":0,"scrollY":9.090909004211426,"documentHeight":5289,"viewportHeight":545}}
[2026-03-05T00:54:00.942Z] {"timestamp":1772672039253,"kind":"scroll","url":"http://localhost:3000/","viewport":{"width":1242,"height":545},"payload":{"scrollX":0,"scrollY":290.9090881347656,"documentHeight":5289,"viewportHeight":545}}
[2026-03-05T00:54:00.942Z] {"timestamp":1772672039886,"kind":"scroll","url":"http://localhost:3000/","viewport":{"width":1242,"height":545},"payload":{"scrollX":0,"scrollY":300.9090881347656,"documentHeight":5289,"viewportHeight":545}}
[2026-03-05T00:54:00.942Z] {"timestamp":1772672040402,"kind":"scroll","url":"http://localhost:3000/","viewport":{"width":1242,"height":545},"payload":{"scrollX":0,"scrollY":591.8181762695312,"documentHeight":5289,"viewportHeight":545}}
[2026-03-05T00:54:02.926Z] {"timestamp":1772672041134,"kind":"scroll","url":"http://localhost:3000/","viewport":{"width":1242,"height":545},"payload":{"scrollX":0,"scrollY":1014.54541015625,"documentHeight":5289,"viewportHeight":545}}
[2026-03-05T00:54:04.964Z] {"timestamp":1772672043632,"kind":"scroll","url":"http://localhost:3000/","viewport":{"width":1242,"height":545},"payload":{"scrollX":0,"scrollY":1146.3636474609375,"documentHeight":5289,"viewportHeight":545}}
[2026-03-05T00:54:04.965Z] {"timestamp":1772672044648,"kind":"focusin","url":"http://localhost:3000/","viewport":{"width":1242,"height":545},"payload":{"target":{"tag":"a","id":null,"name":null,"type":null,"role":null,"ariaLabel":null,"testId":null,"dataLoc":"client\\src\\components\\Projects.tsx:74","href":"/bot-vendas-whatsapp","text":"Bot de Vendas para WhatsApp Uma solução de automação completa para empresas que …","selectorHint":"[data-loc=\"client\\src\\components\\Projects.tsx:74\"]"}}}
[2026-03-05T00:54:04.965Z] {"timestamp":1772672044749,"kind":"click","url":"http://localhost:3000/","viewport":{"width":1242,"height":545},"payload":{"target":{"tag":"img","id":null,"name":null,"type":null,"role":null,"ariaLabel":null,"testId":null,"dataLoc":"client\\src\\components\\ProjectCard.tsx:35","href":null,"text":"","selectorHint":"[data-loc=\"client\\src\\components\\ProjectCard.tsx:35\"]"},"x":1095,"y":200}}
[2026-03-05T00:54:04.965Z] {"timestamp":1772672044753,"kind":"navigate","url":"http://localhost:3000/bot-vendas-whatsapp","viewport":{"width":1242,"height":545},"payload":{"reason":"pushState"}}
[2026-03-05T00:54:04.965Z] {"timestamp":1772672044776,"kind":"focusout","url":"http://localhost:3000/bot-vendas-whatsapp","viewport":{"width":1242,"height":545},"payload":{"target":{"tag":"a","id":null,"name":null,"type":null,"role":null,"ariaLabel":null,"testId":null,"dataLoc":"client\\src\\components\\Projects.tsx:74","href":"/bot-vendas-whatsapp","text":"Bot de Vendas para WhatsApp Uma solução de automação completa para empresas que …","selectorHint":"[data-loc=\"client\\src\\components\\Projects.tsx:74\"]"},"value":null}}
[2026-03-05T00:54:04.965Z] {"timestamp":1772672044915,"kind":"scroll","url":"http://localhost:3000/bot-vendas-whatsapp","viewport":{"width":1242,"height":545},"payload":{"scrollX":0,"scrollY":644.54541015625,"documentHeight":1189,"viewportHeight":545}}
[2026-03-05T00:54:08.928Z] {"timestamp":1772672046949,"kind":"scroll","url":"http://localhost:3000/bot-vendas-whatsapp","viewport":{"width":1242,"height":545},"payload":{"scrollX":0,"scrollY":1110.9090576171875,"documentHeight":1683,"viewportHeight":545}}
[2026-03-05T00:54:08.928Z] {"timestamp":1772672047497,"kind":"scroll","url":"http://localhost:3000/bot-vendas-whatsapp","viewport":{"width":1242,"height":545},"payload":{"scrollX":0,"scrollY":659.0908813476562,"documentHeight":1683,"viewportHeight":545}}
[2026-03-05T00:54:08.928Z] {"timestamp":1772672048011,"kind":"scroll","url":"http://localhost:3000/bot-vendas-whatsapp","viewport":{"width":1242,"height":545},"payload":{"scrollX":0,"scrollY":476.3636169433594,"documentHeight":1683,"viewportHeight":545}}
[2026-03-05T00:54:08.928Z] {"timestamp":1772672048511,"kind":"scroll","url":"http://localhost:3000/bot-vendas-whatsapp","viewport":{"width":1242,"height":545},"payload":{"scrollX":0,"scrollY":300,"documentHeight":1683,"viewportHeight":545}}
[2026-03-05T00:54:10.934Z] {"timestamp":1772672049193,"kind":"scroll","url":"http://localhost:3000/bot-vendas-whatsapp","viewport":{"width":1242,"height":545},"payload":{"scrollX":0,"scrollY":195.4545440673828,"documentHeight":1683,"viewportHeight":545}}
[2026-03-05T00:54:10.934Z] {"timestamp":1772672049693,"kind":"scroll","url":"http://localhost:3000/bot-vendas-whatsapp","viewport":{"width":1242,"height":545},"payload":{"scrollX":0,"scrollY":46.3636360168457,"documentHeight":1683,"viewportHeight":545}}
[2026-03-05T00:54:14.928Z] {"timestamp":1772672054671,"kind":"scroll","url":"http://localhost:3000/bot-vendas-whatsapp","viewport":{"width":1242,"height":545},"payload":{"scrollX":0,"scrollY":52.727272033691406,"documentHeight":1683,"viewportHeight":545}}
[2026-03-05T00:54:16.932Z] {"timestamp":1772672055171,"kind":"scroll","url":"http://localhost:3000/bot-vendas-whatsapp","viewport":{"width":1242,"height":545},"payload":{"scrollX":0,"scrollY":258.18182373046875,"documentHeight":1683,"viewportHeight":545}}
[2026-03-05T00:54:16.932Z] {"timestamp":1772672055719,"kind":"scroll","url":"http://localhost:3000/bot-vendas-whatsapp","viewport":{"width":1242,"height":545},"payload":{"scrollX":0,"scrollY":139.09091186523438,"documentHeight":1683,"viewportHeight":545}}
[2026-03-05T00:54:16.932Z] {"timestamp":1772672056219,"kind":"scroll","url":"http://localhost:3000/bot-vendas-whatsapp","viewport":{"width":1242,"height":545},"payload":{"scrollX":0,"scrollY":153.63636779785156,"documentHeight":1683,"viewportHeight":545}}
[2026-03-05T00:54:16.932Z] {"timestamp":1772672056735,"kind":"scroll","url":"http://localhost:3000/bot-vendas-whatsapp","viewport":{"width":1242,"height":545},"payload":{"scrollX":0,"scrollY":220,"documentHeight":1683,"viewportHeight":545}}
[2026-03-05T00:54:18.931Z] {"timestamp":1772672057235,"kind":"scroll","url":"http://localhost:3000/bot-vendas-whatsapp","viewport":{"width":1242,"height":545},"payload":{"scrollX":0,"scrollY":438.18182373046875,"documentHeight":1683,"viewportHeight":545}}
[2026-03-05T00:54:18.931Z] {"timestamp":1772672057767,"kind":"scroll","url":"http://localhost:3000/bot-vendas-whatsapp","viewport":{"width":1242,"height":545},"payload":{"scrollX":0,"scrollY":438.18182373046875,"documentHeight":1683,"viewportHeight":545}}
[2026-03-05T00:54:20.934Z] {"timestamp":1772672060566,"kind":"scroll","url":"http://localhost:3000/bot-vendas-whatsapp","viewport":{"width":1242,"height":545},"payload":{"scrollX":0,"scrollY":327.272705078125,"documentHeight":1683,"viewportHeight":545}}
[2026-03-05T00:54:22.931Z] {"timestamp":1772672061066,"kind":"scroll","url":"http://localhost:3000/bot-vendas-whatsapp","viewport":{"width":1242,"height":545},"payload":{"scrollX":0,"scrollY":234.5454559326172,"documentHeight":1683,"viewportHeight":545}}
[2026-03-05T00:54:22.931Z] {"timestamp":1772672061798,"kind":"scroll","url":"http://localhost:3000/bot-vendas-whatsapp","viewport":{"width":1242,"height":545},"payload":{"scrollX":0,"scrollY":160,"documentHeight":1683,"viewportHeight":545}}
[2026-03-05T00:54:22.931Z] {"timestamp":1772672062314,"kind":"scroll","url":"http://localhost:3000/bot-vendas-whatsapp","viewport":{"width":1242,"height":545},"payload":{"scrollX":0,"scrollY":64.54545593261719,"documentHeight":1683,"viewportHeight":545}}
[2026-03-05T00:54:28.934Z] {"timestamp":1772672067907,"kind":"scroll","url":"http://localhost:3000/bot-vendas-whatsapp","viewport":{"width":1242,"height":545},"payload":{"scrollX":0,"scrollY":90.90908813476562,"documentHeight":1683,"viewportHeight":545}}
[2026-03-05T00:54:28.934Z] {"timestamp":1772672068442,"kind":"scroll","url":"http://localhost:3000/bot-vendas-whatsapp","viewport":{"width":1242,"height":545},"payload":{"scrollX":0,"scrollY":345.45452880859375,"documentHeight":1683,"viewportHeight":545}}
[2026-03-05T00:54:30.933Z] {"timestamp":1772672068958,"kind":"scroll","url":"http://localhost:3000/bot-vendas-whatsapp","viewport":{"width":1242,"height":545},"payload":{"scrollX":0,"scrollY":383.6363525390625,"documentHeight":1683,"viewportHeight":545}}
[2026-03-05T00:54:30.933Z] {"timestamp":1772672070106,"kind":"scroll","url":"http://localhost:3000/bot-vendas-whatsapp","viewport":{"width":1242,"height":545},"payload":{"scrollX":0,"scrollY":429.0909118652344,"documentHeight":1683,"viewportHeight":545}}
[2026-03-05T00:54:30.933Z] {"timestamp":1772672070639,"kind":"scroll","url":"http://localhost:3000/bot-vendas-whatsapp","viewport":{"width":1242,"height":545},"payload":{"scrollX":0,"scrollY":362.7272644042969,"documentHeight":1683,"viewportHeight":545}}
[2026-03-05T00:54:44.954Z] {"timestamp":1772672083753,"kind":"click","url":"http://localhost:3000/bot-vendas-whatsapp","viewport":{"width":1242,"height":545},"payload":{"target":{"tag":"div","id":null,"name":null,"type":null,"role":null,"ariaLabel":null,"testId":null,"dataLoc":"client\\src\\components\\BotPortfolio\\BotPortfolio.tsx:45","href":null,"text":"PASSO 1 Boas-vindas ⚡ Resposta em 1s 👋 Saudação Personalizada O cliente é atend…","selectorHint":"[data-loc=\"client\\src\\components\\BotPortfolio\\BotPortfolio.tsx:45\"]"},"x":1073,"y":144}}
[2026-03-05T00:54:54.933Z] {"timestamp":1772672093025,"kind":"scroll","url":"http://localhost:3000/bot-vendas-whatsapp","viewport":{"width":689,"height":599},"payload":{"scrollX":0,"scrollY":360,"documentHeight":1972,"viewportHeight":599}}
[2026-03-05T00:55:08.931Z] {"timestamp":1772672107663,"kind":"scroll","url":"http://localhost:3000/bot-vendas-whatsapp","viewport":{"width":590,"height":465},"payload":{"scrollX":0,"scrollY":360,"documentHeight":2023,"viewportHeight":465}}
[2026-03-05T00:55:08.931Z] {"timestamp":1772672108517,"kind":"scroll","url":"http://localhost:3000/bot-vendas-whatsapp","viewport":{"width":649,"height":512},"payload":{"scrollX":0,"scrollY":360,"documentHeight":1972,"viewportHeight":512}}
[2026-03-05T00:55:18.928Z] {"timestamp":1772672118675,"kind":"scroll","url":"http://localhost:3000/bot-vendas-whatsapp","viewport":{"width":430,"height":932},"payload":{"scrollX":0,"scrollY":363,"documentHeight":2161,"viewportHeight":932}}
[2026-03-05T00:55:20.934Z] {"timestamp":1772672119758,"kind":"scroll","url":"http://localhost:3000/bot-vendas-whatsapp","viewport":{"width":430,"height":932},"payload":{"scrollX":0,"scrollY":558,"documentHeight":2161,"viewportHeight":932}}
[2026-03-05T00:55:20.934Z] {"timestamp":1772672120342,"kind":"scroll","url":"http://localhost:3000/bot-vendas-whatsapp","viewport":{"width":430,"height":932},"payload":{"scrollX":0,"scrollY":630,"documentHeight":2161,"viewportHeight":932}}
[2026-03-05T00:55:22.926Z] {"timestamp":1772672121638,"kind":"scroll","url":"http://localhost:3000/bot-vendas-whatsapp","viewport":{"width":430,"height":932},"payload":{"scrollX":0,"scrollY":599,"documentHeight":2161,"viewportHeight":932}}
[2026-03-05T00:55:22.926Z] {"timestamp":1772672122224,"kind":"scroll","url":"http://localhost:3000/bot-vendas-whatsapp","viewport":{"width":430,"height":932},"payload":{"scrollX":0,"scrollY":537,"documentHeight":2161,"viewportHeight":932}}
[2026-03-05T00:55:22.926Z] {"timestamp":1772672122738,"kind":"scroll","url":"http://localhost:3000/bot-vendas-whatsapp","viewport":{"width":430,"height":932},"payload":{"scrollX":0,"scrollY":555,"documentHeight":2161,"viewportHeight":932}}
[2026-03-05T00:55:38.940Z] {"timestamp":1772672138495,"kind":"scroll","url":"http://localhost:3000/bot-vendas-whatsapp","viewport":{"width":889,"height":1024},"payload":{"scrollX":0,"scrollY":554,"documentHeight":1683,"viewportHeight":1024}}
[2026-03-05T00:55:40.930Z] {"timestamp":1772672140241,"kind":"click","url":"http://localhost:3000/bot-vendas-whatsapp","viewport":{"width":2652,"height":1024},"payload":{"target":{"tag":"section","id":"bot-wpp","name":null,"type":null,"role":null,"ariaLabel":null,"testId":null,"dataLoc":"client\\src\\components\\BotPortfolio\\BotPortfolio.tsx:24","href":null,"text":"Transforme seu WhatsApp em uma Máquina de Vendas Fluxo de atendimento 100% autom…","selectorHint":"[data-loc=\"client\\src\\components\\BotPortfolio\\BotPortfolio.tsx:24\"]"},"x":2160,"y":486}}
[2026-03-05T00:55:46.926Z] {"timestamp":1772672146667,"kind":"click","url":"http://localhost:3000/bot-vendas-whatsapp","viewport":{"width":2652,"height":1024},"payload":{"target":{"tag":"section","id":"bot-wpp","name":null,"type":null,"role":null,"ariaLabel":null,"testId":null,"dataLoc":"client\\src\\components\\BotPortfolio\\BotPortfolio.tsx:24","href":null,"text":"Transforme seu WhatsApp em uma Máquina de Vendas Fluxo de atendimento 100% autom…","selectorHint":"[data-loc=\"client\\src\\components\\BotPortfolio\\BotPortfolio.tsx:24\"]"},"x":626,"y":556}}
[2026-03-05T00:55:48.926Z] {"timestamp":1772672148643,"kind":"scroll","url":"http://localhost:3000/bot-vendas-whatsapp","viewport":{"width":1205,"height":465},"payload":{"scrollX":0,"scrollY":553.6363525390625,"documentHeight":1683,"viewportHeight":465}}
[2026-03-05T00:55:52.928Z] {"timestamp":1772672151193,"kind":"scroll","url":"http://localhost:3000/bot-vendas-whatsapp","viewport":{"width":1242,"height":545},"payload":{"scrollX":0,"scrollY":557.272705078125,"documentHeight":1683,"viewportHeight":545}}
[2026-03-05T00:55:52.928Z] {"timestamp":1772672151726,"kind":"scroll","url":"http://localhost:3000/bot-vendas-whatsapp","viewport":{"width":1242,"height":545},"payload":{"scrollX":0,"scrollY":667.272705078125,"documentHeight":1683,"viewportHeight":545}}
[2026-03-05T00:55:52.928Z] {"timestamp":1772672152342,"kind":"scroll","url":"http://localhost:3000/bot-vendas-whatsapp","viewport":{"width":1242,"height":545},"payload":{"scrollX":0,"scrollY":437.272705078125,"documentHeight":1683,"viewportHeight":545}}
[2026-03-05T00:55:54.925Z] {"timestamp":1772672153391,"kind":"scroll","url":"http://localhost:3000/bot-vendas-whatsapp","viewport":{"width":1242,"height":545},"payload":{"scrollX":0,"scrollY":360,"documentHeight":1683,"viewportHeight":545}}
[2026-03-05T00:55:56.924Z] {"timestamp":1772672155008,"kind":"scroll","url":"http://localhost:3000/bot-vendas-whatsapp","viewport":{"width":1242,"height":545},"payload":{"scrollX":0,"scrollY":682.7272338867188,"documentHeight":1683,"viewportHeight":545}}
[2026-03-05T00:55:56.924Z] {"timestamp":1772672156735,"kind":"focusin","url":"http://localhost:3000/bot-vendas-whatsapp","viewport":{"width":1242,"height":545},"payload":{"target":{"tag":"button","id":null,"name":null,"type":null,"role":null,"ariaLabel":"Rolar para a esquerda","testId":null,"dataLoc":"client\\src\\components\\BotPortfolio\\BotPortfolio.tsx:40","href":null,"text":"❮","selectorHint":"[data-loc=\"client\\src\\components\\BotPortfolio\\BotPortfolio.tsx:40\"]"}}}
[2026-03-05T00:55:56.924Z] {"timestamp":1772672156806,"kind":"click","url":"http://localhost:3000/bot-vendas-whatsapp","viewport":{"width":1242,"height":545},"payload":{"target":{"tag":"button","id":null,"name":null,"type":null,"role":null,"ariaLabel":"Rolar para a esquerda","testId":null,"dataLoc":"client\\src\\components\\BotPortfolio\\BotPortfolio.tsx:40","href":null,"text":"❮","selectorHint":"[data-loc=\"client\\src\\components\\BotPortfolio\\BotPortfolio.tsx:40\"]"},"x":67,"y":363}}
[2026-03-05T00:55:58.938Z] {"timestamp":1772672157292,"kind":"click","url":"http://localhost:3000/bot-vendas-whatsapp","viewport":{"width":1242,"height":545},"payload":{"target":{"tag":"button","id":null,"name":null,"type":null,"role":null,"ariaLabel":"Rolar para a esquerda","testId":null,"dataLoc":"client\\src\\components\\BotPortfolio\\BotPortfolio.tsx:40","href":null,"text":"❮","selectorHint":"[data-loc=\"client\\src\\components\\BotPortfolio\\BotPortfolio.tsx:40\"]"},"x":67,"y":363}}
[2026-03-05T00:55:58.938Z] {"timestamp":1772672157544,"kind":"click","url":"http://localhost:3000/bot-vendas-whatsapp","viewport":{"width":1242,"height":545},"payload":{"target":{"tag":"button","id":null,"name":null,"type":null,"role":null,"ariaLabel":"Rolar para a esquerda","testId":null,"dataLoc":"client\\src\\components\\BotPortfolio\\BotPortfolio.tsx:40","href":null,"text":"❮","selectorHint":"[data-loc=\"client\\src\\components\\BotPortfolio\\BotPortfolio.tsx:40\"]"},"x":67,"y":363}}
[2026-03-05T00:55:58.938Z] {"timestamp":1772672157761,"kind":"click","url":"http://localhost:3000/bot-vendas-whatsapp","viewport":{"width":1242,"height":545},"payload":{"target":{"tag":"button","id":null,"name":null,"type":null,"role":null,"ariaLabel":"Rolar para a esquerda","testId":null,"dataLoc":"client\\src\\components\\BotPortfolio\\BotPortfolio.tsx:40","href":null,"text":"❮","selectorHint":"[data-loc=\"client\\src\\components\\BotPortfolio\\BotPortfolio.tsx:40\"]"},"x":67,"y":363}}
[2026-03-05T00:55:58.938Z] {"timestamp":1772672157958,"kind":"click","url":"http://localhost:3000/bot-vendas-whatsapp","viewport":{"width":1242,"height":545},"payload":{"target":{"tag":"button","id":null,"name":null,"type":null,"role":null,"ariaLabel":"Rolar para a esquerda","testId":null,"dataLoc":"client\\src\\components\\BotPortfolio\\BotPortfolio.tsx:40","href":null,"text":"❮","selectorHint":"[data-loc=\"client\\src\\components\\BotPortfolio\\BotPortfolio.tsx:40\"]"},"x":67,"y":363}}
[2026-03-05T00:56:02.932Z] {"timestamp":1772672161018,"kind":"scroll","url":"http://localhost:3000/bot-vendas-whatsapp","viewport":{"width":1242,"height":545},"payload":{"scrollX":0,"scrollY":470,"documentHeight":1683,"viewportHeight":545}}
[2026-03-05T00:56:02.932Z] {"timestamp":1772672161534,"kind":"scroll","url":"http://localhost:3000/bot-vendas-whatsapp","viewport":{"width":1242,"height":545},"payload":{"scrollX":0,"scrollY":228.1818084716797,"documentHeight":1683,"viewportHeight":545}}
[2026-03-05T00:56:02.932Z] {"timestamp":1772672162049,"kind":"scroll","url":"http://localhost:3000/bot-vendas-whatsapp","viewport":{"width":1242,"height":545},"payload":{"scrollX":0,"scrollY":243.6363525390625,"documentHeight":1683,"viewportHeight":545}}
[2026-03-05T00:56:02.932Z] {"timestamp":1772672162649,"kind":"scroll","url":"http://localhost:3000/bot-vendas-whatsapp","viewport":{"width":1242,"height":545},"payload":{"scrollX":0,"scrollY":628.1818237304688,"documentHeight":1683,"viewportHeight":545}}
[2026-03-05T00:56:12.932Z] {"timestamp":1772672171708,"kind":"focusout","url":"http://localhost:3000/bot-vendas-whatsapp","viewport":{"width":1242,"height":545},"payload":{"target":{"tag":"button","id":null,"name":null,"type":null,"role":null,"ariaLabel":"Rolar para a esquerda","testId":null,"dataLoc":"client\\src\\components\\BotPortfolio\\BotPortfolio.tsx:40","href":null,"text":"❮","selectorHint":"[data-loc=\"client\\src\\components\\BotPortfolio\\BotPortfolio.tsx:40\"]"},"value":null}}
[2026-03-05T00:56:12.932Z] {"timestamp":1772672171709,"kind":"focusin","url":"http://localhost:3000/bot-vendas-whatsapp","viewport":{"width":1242,"height":545},"payload":{"target":{"tag":"button","id":null,"name":null,"type":null,"role":null,"ariaLabel":"Rolar para a direita","testId":null,"dataLoc":"client\\src\\components\\BotPortfolio\\BotPortfolio.tsx:125","href":null,"text":"❯","selectorHint":"[data-loc=\"client\\src\\components\\BotPortfolio\\BotPortfolio.tsx:125\"]"}}}
[2026-03-05T00:56:12.932Z] {"timestamp":1772672171803,"kind":"click","url":"http://localhost:3000/bot-vendas-whatsapp","viewport":{"width":1242,"height":545},"payload":{"target":{"tag":"button","id":null,"name":null,"type":null,"role":null,"ariaLabel":"Rolar para a direita","testId":null,"dataLoc":"client\\src\\components\\BotPortfolio\\BotPortfolio.tsx:125","href":null,"text":"❯","selectorHint":"[data-loc=\"client\\src\\components\\BotPortfolio\\BotPortfolio.tsx:125\"]"},"x":1156,"y":191}}
[2026-03-05T00:56:14.924Z] {"timestamp":1772672173138,"kind":"scroll","url":"http://localhost:3000/bot-vendas-whatsapp","viewport":{"width":1242,"height":545},"payload":{"scrollX":0,"scrollY":673.6363525390625,"documentHeight":1683,"viewportHeight":545}}
[2026-03-05T00:57:06.931Z] {"timestamp":1772672225543,"kind":"click","url":"http://localhost:3000/bot-vendas-whatsapp","viewport":{"width":1242,"height":545},"payload":{"target":{"tag":"button","id":null,"name":null,"type":null,"role":null,"ariaLabel":"Rolar para a direita","testId":null,"dataLoc":"client\\src\\components\\BotPortfolio\\BotPortfolio.tsx:125","href":null,"text":"❯","selectorHint":"[data-loc=\"client\\src\\components\\BotPortfolio\\BotPortfolio.tsx:125\"]"},"x":1160,"y":140}}
[2026-03-05T00:57:10.929Z] {"timestamp":1772672229112,"kind":"click","url":"http://localhost:3000/bot-vendas-whatsapp","viewport":{"width":1242,"height":545},"payload":{"target":{"tag":"button","id":null,"name":null,"type":null,"role":null,"ariaLabel":"Rolar para a direita","testId":null,"dataLoc":"client\\src\\components\\BotPortfolio\\BotPortfolio.tsx:125","href":null,"text":"❯","selectorHint":"[data-loc=\"client\\src\\components\\BotPortfolio\\BotPortfolio.tsx:125\"]"},"x":1164,"y":147}}
[2026-03-05T00:57:24.938Z] {"timestamp":1772672243435,"kind":"scroll","url":"http://localhost:3000/bot-vendas-whatsapp","viewport":{"width":1242,"height":545},"payload":{"scrollX":0,"scrollY":697.272705078125,"documentHeight":1683,"viewportHeight":545}}
[2026-03-05T00:57:24.938Z] {"timestamp":1772672243936,"kind":"scroll","url":"http://localhost:3000/bot-vendas-whatsapp","viewport":{"width":1242,"height":545},"payload":{"scrollX":0,"scrollY":918.1818237304688,"documentHeight":1683,"viewportHeight":545}}
[2026-03-05T00:57:24.938Z] {"timestamp":1772672244519,"kind":"scroll","url":"http://localhost:3000/bot-vendas-whatsapp","viewport":{"width":1242,"height":545},"payload":{"scrollX":0,"scrollY":1052.727294921875,"documentHeight":1683,"viewportHeight":545}}
[2026-03-05T00:57:26.933Z] {"timestamp":1772672245035,"kind":"scroll","url":"http://localhost:3000/bot-vendas-whatsapp","viewport":{"width":1242,"height":545},"payload":{"scrollX":0,"scrollY":1070.9090576171875,"documentHeight":1683,"viewportHeight":545}}
[2026-03-05T00:57:26.933Z] {"timestamp":1772672245551,"kind":"scroll","url":"http://localhost:3000/bot-vendas-whatsapp","viewport":{"width":1242,"height":545},"payload":{"scrollX":0,"scrollY":1061.818115234375,"documentHeight":1683,"viewportHeight":545}}
[2026-03-05T00:57:26.933Z] {"timestamp":1772672246067,"kind":"scroll","url":"http://localhost:3000/bot-vendas-whatsapp","viewport":{"width":1242,"height":545},"payload":{"scrollX":0,"scrollY":0,"documentHeight":1683,"viewportHeight":545}}
[2026-03-05T00:57:30.929Z] {"timestamp":1772672249590,"kind":"focusout","url":"http://localhost:3000/bot-vendas-whatsapp","viewport":{"width":1242,"height":545},"payload":{"target":{"tag":"button","id":null,"name":null,"type":null,"role":null,"ariaLabel":"Rolar para a direita","testId":null,"dataLoc":"client\\src\\components\\BotPortfolio\\BotPortfolio.tsx:125","href":null,"text":"❯","selectorHint":"[data-loc=\"client\\src\\components\\BotPortfolio\\BotPortfolio.tsx:125\"]"},"value":null}}
[2026-03-05T00:57:30.929Z] {"timestamp":1772672249590,"kind":"focusin","url":"http://localhost:3000/bot-vendas-whatsapp","viewport":{"width":1242,"height":545},"payload":{"target":{"tag":"button","id":null,"name":null,"type":null,"role":null,"ariaLabel":null,"testId":null,"dataLoc":"client\\src\\components\\Header.tsx:32","href":null,"text":"Projetos","selectorHint":"[data-loc=\"client\\src\\components\\Header.tsx:32\"]"}}}
[2026-03-05T00:57:30.929Z] {"timestamp":1772672249716,"kind":"click","url":"http://localhost:3000/bot-vendas-whatsapp","viewport":{"width":1242,"height":545},"payload":{"target":{"tag":"button","id":null,"name":null,"type":null,"role":null,"ariaLabel":null,"testId":null,"dataLoc":"client\\src\\components\\Header.tsx:32","href":null,"text":"Projetos","selectorHint":"[data-loc=\"client\\src\\components\\Header.tsx:32\"]"},"x":863,"y":40}}
[2026-03-05T00:57:30.929Z] {"timestamp":1772672250337,"kind":"focusout","url":"http://localhost:3000/bot-vendas-whatsapp","viewport":{"width":1242,"height":545},"payload":{"target":{"tag":"button","id":null,"name":null,"type":null,"role":null,"ariaLabel":null,"testId":null,"dataLoc":"client\\src\\components\\Header.tsx:32","href":null,"text":"Projetos","selectorHint":"[data-loc=\"client\\src\\components\\Header.tsx:32\"]"},"value":null}}
[2026-03-05T00:57:30.929Z] {"timestamp":1772672250338,"kind":"focusin","url":"http://localhost:3000/bot-vendas-whatsapp","viewport":{"width":1242,"height":545},"payload":{"target":{"tag":"button","id":null,"name":null,"type":null,"role":null,"ariaLabel":null,"testId":null,"dataLoc":"client\\src\\components\\Header.tsx:38","href":null,"text":"Impacto","selectorHint":"[data-loc=\"client\\src\\components\\Header.tsx:38\"]"}}}
[2026-03-05T00:57:30.929Z] {"timestamp":1772672250505,"kind":"click","url":"http://localhost:3000/bot-vendas-whatsapp","viewport":{"width":1242,"height":545},"payload":{"target":{"tag":"button","id":null,"name":null,"type":null,"role":null,"ariaLabel":null,"testId":null,"dataLoc":"client\\src\\components\\Header.tsx:38","href":null,"text":"Impacto","selectorHint":"[data-loc=\"client\\src\\components\\Header.tsx:38\"]"},"x":947,"y":39}}
[2026-03-05T00:57:32.928Z] {"timestamp":1772672252522,"kind":"navigate","url":"http://localhost:3000/","viewport":{"width":1242,"height":545},"payload":{"reason":"popstate"}}
[2026-03-05T00:57:32.928Z] {"timestamp":1772672252613,"kind":"focusout","url":"http://localhost:3000/","viewport":{"width":1242,"height":545},"payload":{"target":{"tag":"button","id":null,"name":null,"type":null,"role":null,"ariaLabel":null,"testId":null,"dataLoc":"client\\src\\components\\Header.tsx:38","href":null,"text":"Impacto","selectorHint":"[data-loc=\"client\\src\\components\\Header.tsx:38\"]"},"value":null}}
[2026-03-05T00:57:32.928Z] {"timestamp":1772672252638,"kind":"scroll","url":"http://localhost:3000/","viewport":{"width":1242,"height":545},"payload":{"scrollX":0,"scrollY":1164.54541015625,"documentHeight":4575,"viewportHeight":545}}
[2026-03-05T00:57:36.933Z] {"timestamp":1772672255408,"kind":"scroll","url":"http://localhost:3000/","viewport":{"width":1242,"height":545},"payload":{"scrollX":0,"scrollY":1173.6363525390625,"documentHeight":5289,"viewportHeight":545}}
[2026-03-05T00:57:36.933Z] {"timestamp":1772672255974,"kind":"scroll","url":"http://localhost:3000/","viewport":{"width":1242,"height":545},"payload":{"scrollX":0,"scrollY":1972.7271728515625,"documentHeight":5289,"viewportHeight":545}}
[2026-03-05T00:57:36.933Z] {"timestamp":1772672256523,"kind":"scroll","url":"http://localhost:3000/","viewport":{"width":1242,"height":545},"payload":{"scrollX":0,"scrollY":1775.4544677734375,"documentHeight":5289,"viewportHeight":545}}
[2026-03-05T00:57:38.944Z] {"timestamp":1772672257039,"kind":"scroll","url":"http://localhost:3000/","viewport":{"width":1242,"height":545},"payload":{"scrollX":0,"scrollY":2179.0908203125,"documentHeight":5289,"viewportHeight":545}}
[2026-03-05T00:57:38.945Z] {"timestamp":1772672257539,"kind":"scroll","url":"http://localhost:3000/","viewport":{"width":1242,"height":545},"payload":{"scrollX":0,"scrollY":1728.1817626953125,"documentHeight":5289,"viewportHeight":545}}
[2026-03-05T00:57:38.945Z] {"timestamp":1772672258223,"kind":"scroll","url":"http://localhost:3000/","viewport":{"width":1242,"height":545},"payload":{"scrollX":0,"scrollY":1700,"documentHeight":5289,"viewportHeight":545}}
[2026-03-05T00:57:40.927Z] {"timestamp":1772672259652,"kind":"scroll","url":"http://localhost:3000/","viewport":{"width":1242,"height":545},"payload":{"scrollX":0,"scrollY":1812.7271728515625,"documentHeight":5289,"viewportHeight":545}}
[2026-03-05T00:57:40.927Z] {"timestamp":1772672260619,"kind":"scroll","url":"http://localhost:3000/","viewport":{"width":1242,"height":545},"payload":{"scrollX":0,"scrollY":1192.727294921875,"documentHeight":5289,"viewportHeight":545}}
[2026-03-05T00:58:04.933Z] {"timestamp":1772672283479,"kind":"scroll","url":"http://localhost:3000/","viewport":{"width":1242,"height":545},"payload":{"scrollX":0,"scrollY":1070.9090576171875,"documentHeight":5289,"viewportHeight":545}}
[2026-03-05T00:58:04.933Z] {"timestamp":1772672283996,"kind":"scroll","url":"http://localhost:3000/","viewport":{"width":1242,"height":545},"payload":{"scrollX":0,"scrollY":1164.54541015625,"documentHeight":5289,"viewportHeight":545}}
[2026-03-05T00:58:04.933Z] {"timestamp":1772672284511,"kind":"scroll","url":"http://localhost:3000/","viewport":{"width":1242,"height":545},"payload":{"scrollX":0,"scrollY":1258.1817626953125,"documentHeight":5289,"viewportHeight":545}}
[2026-03-05T00:58:06.932Z] {"timestamp":1772672285012,"kind":"scroll","url":"http://localhost:3000/","viewport":{"width":1242,"height":545},"payload":{"scrollX":0,"scrollY":1352.727294921875,"documentHeight":5289,"viewportHeight":545}}
[2026-03-05T00:58:06.932Z] {"timestamp":1772672285512,"kind":"scroll","url":"http://localhost:3000/","viewport":{"width":1242,"height":545},"payload":{"scrollX":0,"scrollY":1747.272705078125,"documentHeight":5289,"viewportHeight":545}}
[2026-03-05T00:58:06.932Z] {"timestamp":1772672286028,"kind":"scroll","url":"http://localhost:3000/","viewport":{"width":1242,"height":545},"payload":{"scrollX":0,"scrollY":2113.63623046875,"documentHeight":5289,"viewportHeight":545}}
[2026-03-05T00:58:06.932Z] {"timestamp":1772672286694,"kind":"scroll","url":"http://localhost:3000/","viewport":{"width":1242,"height":545},"payload":{"scrollX":0,"scrollY":2865.45458984375,"documentHeight":5289,"viewportHeight":545}}
[2026-03-05T00:58:08.931Z] {"timestamp":1772672287293,"kind":"scroll","url":"http://localhost:3000/","viewport":{"width":1242,"height":545},"payload":{"scrollX":0,"scrollY":2827.272705078125,"documentHeight":5289,"viewportHeight":545}}
[2026-03-05T00:58:08.931Z] {"timestamp":1772672287892,"kind":"scroll","url":"http://localhost:3000/","viewport":{"width":1242,"height":545},"payload":{"scrollX":0,"scrollY":3071.818115234375,"documentHeight":5289,"viewportHeight":545}}
[2026-03-05T00:58:08.931Z] {"timestamp":1772672288809,"kind":"scroll","url":"http://localhost:3000/","viewport":{"width":1242,"height":545},"payload":{"scrollX":0,"scrollY":3128.181640625,"documentHeight":5289,"viewportHeight":545}}
[2026-03-05T00:58:10.929Z] {"timestamp":1772672289325,"kind":"scroll","url":"http://localhost:3000/","viewport":{"width":1242,"height":545},"payload":{"scrollX":0,"scrollY":3531.818115234375,"documentHeight":5289,"viewportHeight":545}}
[2026-03-05T00:58:10.929Z] {"timestamp":1772672289841,"kind":"scroll","url":"http://localhost:3000/","viewport":{"width":1242,"height":545},"payload":{"scrollX":0,"scrollY":3776.363525390625,"documentHeight":5289,"viewportHeight":545}}
[2026-03-05T00:58:10.929Z] {"timestamp":1772672290490,"kind":"scroll","url":"http://localhost:3000/","viewport":{"width":1242,"height":545},"payload":{"scrollX":0,"scrollY":3992.727294921875,"documentHeight":5289,"viewportHeight":545}}
[2026-03-05T00:58:12.933Z] {"timestamp":1772672291006,"kind":"scroll","url":"http://localhost:3000/","viewport":{"width":1242,"height":545},"payload":{"scrollX":0,"scrollY":4292.72705078125,"documentHeight":5289,"viewportHeight":545}}
[2026-03-05T00:58:12.933Z] {"timestamp":1772672291523,"kind":"scroll","url":"http://localhost:3000/","viewport":{"width":1242,"height":545},"payload":{"scrollX":0,"scrollY":4452.72705078125,"documentHeight":5289,"viewportHeight":545}}
[2026-03-05T00:58:12.933Z] {"timestamp":1772672292037,"kind":"scroll","url":"http://localhost:3000/","viewport":{"width":1242,"height":545},"payload":{"scrollX":0,"scrollY":4161.81787109375,"documentHeight":5289,"viewportHeight":545}}
[2026-03-05T00:58:12.933Z] {"timestamp":1772672292539,"kind":"scroll","url":"http://localhost:3000/","viewport":{"width":1242,"height":545},"payload":{"scrollX":0,"scrollY":3926.363525390625,"documentHeight":5289,"viewportHeight":545}}
[2026-03-05T00:58:14.928Z] {"timestamp":1772672293038,"kind":"scroll","url":"http://localhost:3000/","viewport":{"width":1242,"height":545},"payload":{"scrollX":0,"scrollY":3325.45458984375,"documentHeight":5289,"viewportHeight":545}}
[2026-03-05T00:58:14.928Z] {"timestamp":1772672293553,"kind":"scroll","url":"http://localhost:3000/","viewport":{"width":1242,"height":545},"payload":{"scrollX":0,"scrollY":3485.45458984375,"documentHeight":5289,"viewportHeight":545}}
[2026-03-05T00:58:14.928Z] {"timestamp":1772672294668,"kind":"scroll","url":"http://localhost:3000/","viewport":{"width":1242,"height":545},"payload":{"scrollX":0,"scrollY":3616.363525390625,"documentHeight":5289,"viewportHeight":545}}
[2026-03-05T00:58:16.926Z] {"timestamp":1772672295302,"kind":"scroll","url":"http://localhost:3000/","viewport":{"width":1242,"height":545},"payload":{"scrollX":0,"scrollY":3851.818115234375,"documentHeight":5289,"viewportHeight":545}}
[2026-03-05T00:58:16.926Z] {"timestamp":1772672296001,"kind":"scroll","url":"http://localhost:3000/","viewport":{"width":1242,"height":545},"payload":{"scrollX":0,"scrollY":3954.54541015625,"documentHeight":5289,"viewportHeight":545}}
[2026-03-05T00:58:16.926Z] {"timestamp":1772672296551,"kind":"scroll","url":"http://localhost:3000/","viewport":{"width":1242,"height":545},"payload":{"scrollX":0,"scrollY":4095.454345703125,"documentHeight":5289,"viewportHeight":545}}
[2026-03-05T00:58:40.924Z] {"timestamp":1772672319262,"kind":"scroll","url":"http://localhost:3000/","viewport":{"width":1242,"height":545},"payload":{"scrollX":0,"scrollY":4151.81787109375,"documentHeight":5289,"viewportHeight":545}}
[2026-03-05T00:58:40.924Z] {"timestamp":1772672319778,"kind":"scroll","url":"http://localhost:3000/","viewport":{"width":1242,"height":545},"payload":{"scrollX":0,"scrollY":4471.81787109375,"documentHeight":5289,"viewportHeight":545}}
[2026-03-05T00:58:40.924Z] {"timestamp":1772672320311,"kind":"scroll","url":"http://localhost:3000/","viewport":{"width":1242,"height":545},"payload":{"scrollX":0,"scrollY":4340,"documentHeight":5289,"viewportHeight":545}}
[2026-03-05T00:58:40.924Z] {"timestamp":1772672320826,"kind":"scroll","url":"http://localhost:3000/","viewport":{"width":1242,"height":545},"payload":{"scrollX":0,"scrollY":4500,"documentHeight":5289,"viewportHeight":545}}
[2026-03-05T00:58:42.928Z] {"timestamp":1772672321760,"kind":"scroll","url":"http://localhost:3000/","viewport":{"width":1242,"height":545},"payload":{"scrollX":0,"scrollY":4528.181640625,"documentHeight":5289,"viewportHeight":545}}
[2026-03-05T00:58:42.928Z] {"timestamp":1772672322376,"kind":"scroll","url":"http://localhost:3000/","viewport":{"width":1242,"height":545},"payload":{"scrollX":0,"scrollY":4621.81787109375,"documentHeight":5289,"viewportHeight":545}}
[2026-03-05T00:58:42.928Z] {"timestamp":1772672322875,"kind":"scroll","url":"http://localhost:3000/","viewport":{"width":1242,"height":545},"payload":{"scrollX":0,"scrollY":4697.2724609375,"documentHeight":5289,"viewportHeight":545}}
[2026-03-05T00:58:44.933Z] {"timestamp":1772672323557,"kind":"scroll","url":"http://localhost:3000/","viewport":{"width":1242,"height":545},"payload":{"scrollX":0,"scrollY":4302.72705078125,"documentHeight":5289,"viewportHeight":545}}
[2026-03-05T00:58:44.933Z] {"timestamp":1772672324057,"kind":"scroll","url":"http://localhost:3000/","viewport":{"width":1242,"height":545},"payload":{"scrollX":0,"scrollY":3945.454345703125,"documentHeight":5289,"viewportHeight":545}}
[2026-03-05T00:58:44.933Z] {"timestamp":1772672324591,"kind":"scroll","url":"http://localhost:3000/","viewport":{"width":1242,"height":545},"payload":{"scrollX":0,"scrollY":3579.0908203125,"documentHeight":5289,"viewportHeight":545}}
[2026-03-05T00:58:46.931Z] {"timestamp":1772672325107,"kind":"scroll","url":"http://localhost:3000/","viewport":{"width":1242,"height":545},"payload":{"scrollX":0,"scrollY":3184.54541015625,"documentHeight":5289,"viewportHeight":545}}
[2026-03-05T00:58:46.931Z] {"timestamp":1772672325821,"kind":"scroll","url":"http://localhost:3000/","viewport":{"width":1242,"height":545},"payload":{"scrollX":0,"scrollY":3390.908935546875,"documentHeight":5289,"viewportHeight":545}}
[2026-03-05T00:58:46.931Z] {"timestamp":1772672326372,"kind":"scroll","url":"http://localhost:3000/","viewport":{"width":1242,"height":545},"payload":{"scrollX":0,"scrollY":3316.363525390625,"documentHeight":5289,"viewportHeight":545}}
[2026-03-05T00:58:46.931Z] {"timestamp":1772672326888,"kind":"scroll","url":"http://localhost:3000/","viewport":{"width":1242,"height":545},"payload":{"scrollX":0,"scrollY":3137.272705078125,"documentHeight":5289,"viewportHeight":545}}
[2026-03-05T00:58:48.932Z] {"timestamp":1772672327404,"kind":"scroll","url":"http://localhost:3000/","viewport":{"width":1242,"height":545},"payload":{"scrollX":0,"scrollY":2968.181640625,"documentHeight":5289,"viewportHeight":545}}
[2026-03-05T00:58:48.932Z] {"timestamp":1772672328468,"kind":"scroll","url":"http://localhost:3000/","viewport":{"width":1242,"height":545},"payload":{"scrollX":0,"scrollY":2790,"documentHeight":5289,"viewportHeight":545}}
[2026-03-05T00:58:50.927Z] {"timestamp":1772672329651,"kind":"scroll","url":"http://localhost:3000/","viewport":{"width":1242,"height":545},"payload":{"scrollX":0,"scrollY":2846.363525390625,"documentHeight":5289,"viewportHeight":545}}
[2026-03-05T00:58:50.927Z] {"timestamp":1772672330916,"kind":"scroll","url":"http://localhost:3000/","viewport":{"width":1242,"height":545},"payload":{"scrollX":0,"scrollY":2902.727294921875,"documentHeight":5289,"viewportHeight":545}}
[2026-03-05T00:58:52.926Z] {"timestamp":1772672331466,"kind":"scroll","url":"http://localhost:3000/","viewport":{"width":1242,"height":545},"payload":{"scrollX":0,"scrollY":2940,"documentHeight":5289,"viewportHeight":545}}
[2026-03-05T00:58:52.927Z] {"timestamp":1772672332000,"kind":"scroll","url":"http://localhost:3000/","viewport":{"width":1242,"height":545},"payload":{"scrollX":0,"scrollY":2959.0908203125,"documentHeight":5289,"viewportHeight":545}}
[2026-03-05T00:58:52.927Z] {"timestamp":1772672332731,"kind":"scroll","url":"http://localhost:3000/","viewport":{"width":1242,"height":545},"payload":{"scrollX":0,"scrollY":3043.63623046875,"documentHeight":5289,"viewportHeight":545}}
[2026-03-05T00:58:54.936Z] {"timestamp":1772672333282,"kind":"scroll","url":"http://localhost:3000/","viewport":{"width":1242,"height":545},"payload":{"scrollX":0,"scrollY":3250,"documentHeight":5289,"viewportHeight":545}}
[2026-03-05T00:58:54.936Z] {"timestamp":1772672334812,"kind":"scroll","url":"http://localhost:3000/","viewport":{"width":1242,"height":545},"payload":{"scrollX":0,"scrollY":3438.181640625,"documentHeight":5289,"viewportHeight":545}}
[2026-03-05T00:58:56.932Z] {"timestamp":1772672335313,"kind":"scroll","url":"http://localhost:3000/","viewport":{"width":1242,"height":545},"payload":{"scrollX":0,"scrollY":3560,"documentHeight":5289,"viewportHeight":545}}
[2026-03-05T00:58:56.932Z] {"timestamp":1772672335861,"kind":"scroll","url":"http://localhost:3000/","viewport":{"width":1242,"height":545},"payload":{"scrollX":0,"scrollY":3635.454345703125,"documentHeight":5289,"viewportHeight":545}}
[2026-03-05T00:58:56.932Z] {"timestamp":1772672336362,"kind":"scroll","url":"http://localhost:3000/","viewport":{"width":1242,"height":545},"payload":{"scrollX":0,"scrollY":3372.727294921875,"documentHeight":5289,"viewportHeight":545}}
[2026-03-05T00:58:58.922Z] {"timestamp":1772672337043,"kind":"scroll","url":"http://localhost:3000/","viewport":{"width":1242,"height":545},"payload":{"scrollX":0,"scrollY":3193.63623046875,"documentHeight":5289,"viewportHeight":545}}
[2026-03-05T00:58:58.922Z] {"timestamp":1772672337776,"kind":"scroll","url":"http://localhost:3000/","viewport":{"width":1242,"height":545},"payload":{"scrollX":0,"scrollY":2649.0908203125,"documentHeight":5289,"viewportHeight":545}}
[2026-03-05T00:58:58.922Z] {"timestamp":1772672338292,"kind":"scroll","url":"http://localhost:3000/","viewport":{"width":1242,"height":545},"payload":{"scrollX":0,"scrollY":2348.181884765625,"documentHeight":5289,"viewportHeight":545}}
[2026-03-05T00:58:58.922Z] {"timestamp":1772672338875,"kind":"scroll","url":"http://localhost:3000/","viewport":{"width":1242,"height":545},"payload":{"scrollX":0,"scrollY":2367.272705078125,"documentHeight":5289,"viewportHeight":545}}
[2026-03-05T00:59:00.926Z] {"timestamp":1772672339474,"kind":"scroll","url":"http://localhost:3000/","viewport":{"width":1242,"height":545},"payload":{"scrollX":0,"scrollY":2545.45458984375,"documentHeight":5289,"viewportHeight":545}}
[2026-03-05T00:59:00.926Z] {"timestamp":1772672340140,"kind":"scroll","url":"http://localhost:3000/","viewport":{"width":1242,"height":545},"payload":{"scrollX":0,"scrollY":2742.727294921875,"documentHeight":5289,"viewportHeight":545}}
[2026-03-05T00:59:00.926Z] {"timestamp":1772672340640,"kind":"scroll","url":"http://localhost:3000/","viewport":{"width":1242,"height":545},"payload":{"scrollX":0,"scrollY":2555.45458984375,"documentHeight":5289,"viewportHeight":545}}
[2026-03-05T00:59:02.939Z] {"timestamp":1772672341156,"kind":"scroll","url":"http://localhost:3000/","viewport":{"width":1242,"height":545},"payload":{"scrollX":0,"scrollY":2386.363525390625,"documentHeight":5289,"viewportHeight":545}}
[2026-03-05T00:59:02.939Z] {"timestamp":1772672342604,"kind":"scroll","url":"http://localhost:3000/","viewport":{"width":1242,"height":545},"payload":{"scrollX":0,"scrollY":2386.363525390625,"documentHeight":5289,"viewportHeight":545}}
[2026-03-05T00:59:12.930Z] {"timestamp":1772672352844,"kind":"scroll","url":"http://localhost:3000/","viewport":{"width":1242,"height":545},"payload":{"scrollX":0,"scrollY":2442.727294921875,"documentHeight":5289,"viewportHeight":545}}
[2026-03-05T00:59:14.932Z] {"timestamp":1772672353578,"kind":"scroll","url":"http://localhost:3000/","viewport":{"width":1242,"height":545},"payload":{"scrollX":0,"scrollY":2499.0908203125,"documentHeight":5289,"viewportHeight":545}}
[2026-03-05T00:59:14.932Z] {"timestamp":1772672354143,"kind":"scroll","url":"http://localhost:3000/","viewport":{"width":1242,"height":545},"payload":{"scrollX":0,"scrollY":2527.272705078125,"documentHeight":5289,"viewportHeight":545}}
[2026-03-05T00:59:14.932Z] {"timestamp":1772672354659,"kind":"scroll","url":"http://localhost:3000/","viewport":{"width":1242,"height":545},"payload":{"scrollX":0,"scrollY":2564.54541015625,"documentHeight":5289,"viewportHeight":545}}
[2026-03-05T00:59:16.932Z] {"timestamp":1772672356275,"kind":"scroll","url":"http://localhost:3000/","viewport":{"width":1242,"height":545},"payload":{"scrollX":0,"scrollY":2263.63623046875,"documentHeight":5289,"viewportHeight":545}}
[2026-03-05T00:59:16.932Z] {"timestamp":1772672356791,"kind":"scroll","url":"http://localhost:3000/","viewport":{"width":1242,"height":545},"payload":{"scrollX":0,"scrollY":2066.363525390625,"documentHeight":5289,"viewportHeight":545}}
[2026-03-05T00:59:18.926Z] {"timestamp":1772672357407,"kind":"scroll","url":"http://localhost:3000/","viewport":{"width":1242,"height":545},"payload":{"scrollX":0,"scrollY":1906.3636474609375,"documentHeight":5289,"viewportHeight":545}}
[2026-03-05T00:59:18.926Z] {"timestamp":1772672357907,"kind":"scroll","url":"http://localhost:3000/","viewport":{"width":1242,"height":545},"payload":{"scrollX":0,"scrollY":1483.6363525390625,"documentHeight":5289,"viewportHeight":545}}
[2026-03-05T00:59:18.926Z] {"timestamp":1772672358423,"kind":"scroll","url":"http://localhost:3000/","viewport":{"width":1242,"height":545},"payload":{"scrollX":0,"scrollY":1230,"documentHeight":5289,"viewportHeight":545}}
[2026-03-05T00:59:18.926Z] {"timestamp":1772672358922,"kind":"scroll","url":"http://localhost:3000/","viewport":{"width":1242,"height":545},"payload":{"scrollX":0,"scrollY":882.7272338867188,"documentHeight":5289,"viewportHeight":545}}
[2026-03-05T00:59:20.930Z] {"timestamp":1772672359572,"kind":"scroll","url":"http://localhost:3000/","viewport":{"width":1242,"height":545},"payload":{"scrollX":0,"scrollY":826.3636474609375,"documentHeight":5289,"viewportHeight":545}}
[2026-03-05T00:59:20.930Z] {"timestamp":1772672360137,"kind":"scroll","url":"http://localhost:3000/","viewport":{"width":1242,"height":545},"payload":{"scrollX":0,"scrollY":1117.272705078125,"documentHeight":5289,"viewportHeight":545}}
[2026-03-05T00:59:20.930Z] {"timestamp":1772672360655,"kind":"scroll","url":"http://localhost:3000/","viewport":{"width":1242,"height":545},"payload":{"scrollX":0,"scrollY":1399.0908203125,"documentHeight":5289,"viewportHeight":545}}
[2026-03-05T00:59:22.940Z] {"timestamp":1772672361221,"kind":"scroll","url":"http://localhost:3000/","viewport":{"width":1242,"height":545},"payload":{"scrollX":0,"scrollY":1606.3636474609375,"documentHeight":5289,"viewportHeight":545}}
[2026-03-05T00:59:22.940Z] {"timestamp":1772672362304,"kind":"scroll","url":"http://localhost:3000/","viewport":{"width":1242,"height":545},"payload":{"scrollX":0,"scrollY":1775.4544677734375,"documentHeight":5289,"viewportHeight":545}}
[2026-03-05T00:59:22.940Z] {"timestamp":1772672362837,"kind":"scroll","url":"http://localhost:3000/","viewport":{"width":1242,"height":545},"payload":{"scrollX":0,"scrollY":1680.9090576171875,"documentHeight":5289,"viewportHeight":545}}
[2026-03-05T00:59:24.929Z] {"timestamp":1772672364461,"kind":"focusin","url":"http://localhost:3000/","viewport":{"width":1242,"height":545},"payload":{"target":{"tag":"a","id":null,"name":null,"type":null,"role":null,"ariaLabel":null,"testId":null,"dataLoc":"client\\src\\components\\Projects.tsx:74","href":"/bot-vendas-whatsapp","text":"Bot de Vendas para WhatsApp Uma solução de automação completa para empresas que …","selectorHint":"[data-loc=\"client\\src\\components\\Projects.tsx:74\"]"}}}
[2026-03-05T00:59:24.929Z] {"timestamp":1772672364580,"kind":"click","url":"http://localhost:3000/","viewport":{"width":1242,"height":545},"payload":{"target":{"tag":"a","id":null,"name":null,"type":null,"role":null,"ariaLabel":null,"testId":null,"dataLoc":"client\\src\\components\\Projects.tsx:75","href":null,"text":"Bot de Vendas para WhatsApp Uma solução de automação completa para empresas que …","selectorHint":"[data-loc=\"client\\src\\components\\Projects.tsx:75\"]"},"x":1021,"y":376}}
[2026-03-05T00:59:24.929Z] {"timestamp":1772672364581,"kind":"navigate","url":"http://localhost:3000/bot-vendas-whatsapp","viewport":{"width":1242,"height":545},"payload":{"reason":"pushState"}}
[2026-03-05T00:59:24.929Z] {"timestamp":1772672364590,"kind":"focusout","url":"http://localhost:3000/bot-vendas-whatsapp","viewport":{"width":1242,"height":545},"payload":{"target":{"tag":"a","id":null,"name":null,"type":null,"role":null,"ariaLabel":null,"testId":null,"dataLoc":"client\\src\\components\\Projects.tsx:74","href":"/bot-vendas-whatsapp","text":"Bot de Vendas para WhatsApp Uma solução de automação completa para empresas que …","selectorHint":"[data-loc=\"client\\src\\components\\Projects.tsx:74\"]"},"value":null}}
[2026-03-05T00:59:24.929Z] {"timestamp":1772672364601,"kind":"scroll","url":"http://localhost:3000/bot-vendas-whatsapp","viewport":{"width":1242,"height":545},"payload":{"scrollX":0,"scrollY":667.272705078125,"documentHeight":1212,"viewportHeight":545}}
[2026-03-05T00:59:26.926Z] {"timestamp":1772672366165,"kind":"scroll","url":"http://localhost:3000/bot-vendas-whatsapp","viewport":{"width":1242,"height":545},"payload":{"scrollX":0,"scrollY":1126.3636474609375,"documentHeight":1683,"viewportHeight":545}}
[2026-03-05T00:59:26.926Z] {"timestamp":1772672366681,"kind":"scroll","url":"http://localhost:3000/bot-vendas-whatsapp","viewport":{"width":1242,"height":545},"payload":{"scrollX":0,"scrollY":310.9090881347656,"documentHeight":1683,"viewportHeight":545}}
[2026-03-05T00:59:28.931Z] {"timestamp":1772672367298,"kind":"scroll","url":"http://localhost:3000/bot-vendas-whatsapp","viewport":{"width":1242,"height":545},"payload":{"scrollX":0,"scrollY":194.5454559326172,"documentHeight":1683,"viewportHeight":545}}
[2026-03-05T00:59:28.931Z] {"timestamp":1772672367896,"kind":"scroll","url":"http://localhost:3000/bot-vendas-whatsapp","viewport":{"width":1242,"height":545},"payload":{"scrollX":0,"scrollY":9.090909004211426,"documentHeight":1683,"viewportHeight":545}}
[2026-03-05T00:59:28.931Z] {"timestamp":1772672368412,"kind":"scroll","url":"http://localhost:3000/bot-vendas-whatsapp","viewport":{"width":1242,"height":545},"payload":{"scrollX":0,"scrollY":480.9090881347656,"documentHeight":1683,"viewportHeight":545}}
[2026-03-05T00:59:30.928Z] {"timestamp":1772672370679,"kind":"navigate","url":"http://localhost:3000/","viewport":{"width":1242,"height":545},"payload":{"reason":"popstate"}}
[2026-03-05T00:59:30.928Z] {"timestamp":1772672370716,"kind":"scroll","url":"http://localhost:3000/","viewport":{"width":1242,"height":545},"payload":{"scrollX":0,"scrollY":1728.1817626953125,"documentHeight":5289,"viewportHeight":545}}
[2026-03-05T00:59:34.925Z] {"timestamp":1772672373925,"kind":"scroll","url":"http://localhost:3000/","viewport":{"width":1242,"height":545},"payload":{"scrollX":0,"scrollY":1710,"documentHeight":5289,"viewportHeight":545}}
[2026-03-05T00:59:34.925Z] {"timestamp":1772672374442,"kind":"scroll","url":"http://localhost:3000/","viewport":{"width":1242,"height":545},"payload":{"scrollX":0,"scrollY":958.1818237304688,"documentHeight":5289,"viewportHeight":545}}
[2026-03-05T00:59:36.944Z] {"timestamp":1772672374956,"kind":"scroll","url":"http://localhost:3000/","viewport":{"width":1242,"height":545},"payload":{"scrollX":0,"scrollY":1136.3636474609375,"documentHeight":5289,"viewportHeight":545}}
[2026-03-05T00:59:36.944Z] {"timestamp":1772672375707,"kind":"scroll","url":"http://localhost:3000/","viewport":{"width":1242,"height":545},"payload":{"scrollX":0,"scrollY":967.272705078125,"documentHeight":5289,"viewportHeight":545}}
[2026-03-05T00:59:36.944Z] {"timestamp":1772672376289,"kind":"scroll","url":"http://localhost:3000/","viewport":{"width":1242,"height":545},"payload":{"scrollX":0,"scrollY":863.6363525390625,"documentHeight":5289,"viewportHeight":545}}
[2026-03-05T00:59:40.931Z] {"timestamp":1772672379086,"kind":"scroll","url":"http://localhost:3000/","viewport":{"width":1242,"height":545},"payload":{"scrollX":0,"scrollY":930,"documentHeight":5289,"viewportHeight":545}}
[2026-03-05T00:59:40.931Z] {"timestamp":1772672380850,"kind":"scroll","url":"http://localhost:3000/","viewport":{"width":1242,"height":545},"payload":{"scrollX":0,"scrollY":750.9090576171875,"documentHeight":5289,"viewportHeight":545}}
[2026-03-05T00:59:42.934Z] {"timestamp":1772672381350,"kind":"scroll","url":"http://localhost:3000/","viewport":{"width":1242,"height":545},"payload":{"scrollX":0,"scrollY":243.6363525390625,"documentHeight":5289,"viewportHeight":545}}
[2026-03-05T00:59:42.934Z] {"timestamp":1772672382599,"kind":"scroll","url":"http://localhost:3000/","viewport":{"width":1242,"height":545},"payload":{"scrollX":0,"scrollY":93.63636016845703,"documentHeight":5289,"viewportHeight":545}}
[2026-03-05T00:59:44.932Z] {"timestamp":1772672383099,"kind":"scroll","url":"http://localhost:3000/","viewport":{"width":1242,"height":545},"payload":{"scrollX":0,"scrollY":243.6363525390625,"documentHeight":5289,"viewportHeight":545}}
[2026-03-05T00:59:44.932Z] {"timestamp":1772672383814,"kind":"scroll","url":"http://localhost:3000/","viewport":{"width":1242,"height":545},"payload":{"scrollX":0,"scrollY":525.4545288085938,"documentHeight":5289,"viewportHeight":545}}
[2026-03-05T00:59:46.934Z] {"timestamp":1772672385463,"kind":"scroll","url":"http://localhost:3000/","viewport":{"width":1242,"height":545},"payload":{"scrollX":0,"scrollY":638.1818237304688,"documentHeight":5289,"viewportHeight":545}}
[2026-03-05T00:59:50.934Z] {"timestamp":1772672390059,"kind":"scroll","url":"http://localhost:3000/","viewport":{"width":1242,"height":545},"payload":{"scrollX":0,"scrollY":648.1818237304688,"documentHeight":5289,"viewportHeight":545}}
[2026-03-05T00:59:50.934Z] {"timestamp":1772672390875,"kind":"scroll","url":"http://localhost:3000/","viewport":{"width":1242,"height":545},"payload":{"scrollX":0,"scrollY":713.6363525390625,"documentHeight":5289,"viewportHeight":545}}
